Copyright 1986-2022 Xilinx, Inc. All Rights Reserved. Copyright 2022-2023 Advanced Micro Devices, Inc. All Rights Reserved.
---------------------------------------------------------------------------------------------------------------------------------------------
| Tool Version : Vivado v.2023.2 (win64) Build 4029153 Fri Oct 13 20:14:34 MDT 2023
| Date         : Wed Oct  2 11:33:51 2024
| Host         : THANUSH-LAPTOP running 64-bit major release  (build 9200)
| Command      : report_methodology -name ultrafast_methodology_1 -file ../reports/impl_methodolgy.rpt
| Design       : fir_filter_axis
| Device       : xczu7ev-ffvc1156-2-e
| Speed File   : -2
| Design State : Fully Routed
---------------------------------------------------------------------------------------------------------------------------------------------

Report Methodology

Table of Contents
-----------------
1. REPORT SUMMARY
2. REPORT DETAILS

1. REPORT SUMMARY
-----------------
            Netlist: netlist
          Floorplan: impl_1
      Design limits: <entire design considered>
             Max violations: <unlimited>
             Violations found: 70
+-----------+----------+-------------------------------+------------+
| Rule      | Severity | Description                   | Violations |
+-----------+----------+-------------------------------+------------+
| TIMING-18 | Warning  | Missing input or output delay | 70         |
+-----------+----------+-------------------------------+------------+

2. REPORT DETAILS
-----------------
TIMING-18#1 Warning
Missing input or output delay  
An input delay is missing on m_axis_filter_tready relative to the rising and/or falling clock edge(s) of fir_clk.
Related violations: <none>

TIMING-18#2 Warning
Missing input or output delay  
An input delay is missing on reset relative to the rising and/or falling clock edge(s) of fir_clk.
Related violations: <none>

TIMING-18#3 Warning
Missing input or output delay  
An input delay is missing on s_axis_filter_tdata[0] relative to the rising and/or falling clock edge(s) of fir_clk.
Related violations: <none>

TIMING-18#4 Warning
Missing input or output delay  
An input delay is missing on s_axis_filter_tdata[10] relative to the rising and/or falling clock edge(s) of fir_clk.
Related violations: <none>

TIMING-18#5 Warning
Missing input or output delay  
An input delay is missing on s_axis_filter_tdata[11] relative to the rising and/or falling clock edge(s) of fir_clk.
Related violations: <none>

TIMING-18#6 Warning
Missing input or output delay  
An input delay is missing on s_axis_filter_tdata[12] relative to the rising and/or falling clock edge(s) of fir_clk.
Related violations: <none>

TIMING-18#7 Warning
Missing input or output delay  
An input delay is missing on s_axis_filter_tdata[13] relative to the rising and/or falling clock edge(s) of fir_clk.
Related violations: <none>

TIMING-18#8 Warning
Missing input or output delay  
An input delay is missing on s_axis_filter_tdata[14] relative to the rising and/or falling clock edge(s) of fir_clk.
Related violations: <none>

TIMING-18#9 Warning
Missing input or output delay  
An input delay is missing on s_axis_filter_tdata[15] relative to the rising and/or falling clock edge(s) of fir_clk.
Related violations: <none>

TIMING-18#10 Warning
Missing input or output delay  
An input delay is missing on s_axis_filter_tdata[16] relative to the rising and/or falling clock edge(s) of fir_clk.
Related violations: <none>

TIMING-18#11 Warning
Missing input or output delay  
An input delay is missing on s_axis_filter_tdata[17] relative to the rising and/or falling clock edge(s) of fir_clk.
Related violations: <none>

TIMING-18#12 Warning
Missing input or output delay  
An input delay is missing on s_axis_filter_tdata[18] relative to the rising and/or falling clock edge(s) of fir_clk.
Related violations: <none>

TIMING-18#13 Warning
Missing input or output delay  
An input delay is missing on s_axis_filter_tdata[19] relative to the rising and/or falling clock edge(s) of fir_clk.
Related violations: <none>

TIMING-18#14 Warning
Missing input or output delay  
An input delay is missing on s_axis_filter_tdata[1] relative to the rising and/or falling clock edge(s) of fir_clk.
Related violations: <none>

TIMING-18#15 Warning
Missing input or output delay  
An input delay is missing on s_axis_filter_tdata[20] relative to the rising and/or falling clock edge(s) of fir_clk.
Related violations: <none>

TIMING-18#16 Warning
Missing input or output delay  
An input delay is missing on s_axis_filter_tdata[21] relative to the rising and/or falling clock edge(s) of fir_clk.
Related violations: <none>

TIMING-18#17 Warning
Missing input or output delay  
An input delay is missing on s_axis_filter_tdata[22] relative to the rising and/or falling clock edge(s) of fir_clk.
Related violations: <none>

TIMING-18#18 Warning
Missing input or output delay  
An input delay is missing on s_axis_filter_tdata[23] relative to the rising and/or falling clock edge(s) of fir_clk.
Related violations: <none>

TIMING-18#19 Warning
Missing input or output delay  
An input delay is missing on s_axis_filter_tdata[24] relative to the rising and/or falling clock edge(s) of fir_clk.
Related violations: <none>

TIMING-18#20 Warning
Missing input or output delay  
An input delay is missing on s_axis_filter_tdata[25] relative to the rising and/or falling clock edge(s) of fir_clk.
Related violations: <none>

TIMING-18#21 Warning
Missing input or output delay  
An input delay is missing on s_axis_filter_tdata[26] relative to the rising and/or falling clock edge(s) of fir_clk.
Related violations: <none>

TIMING-18#22 Warning
Missing input or output delay  
An input delay is missing on s_axis_filter_tdata[27] relative to the rising and/or falling clock edge(s) of fir_clk.
Related violations: <none>

TIMING-18#23 Warning
Missing input or output delay  
An input delay is missing on s_axis_filter_tdata[28] relative to the rising and/or falling clock edge(s) of fir_clk.
Related violations: <none>

TIMING-18#24 Warning
Missing input or output delay  
An input delay is missing on s_axis_filter_tdata[29] relative to the rising and/or falling clock edge(s) of fir_clk.
Related violations: <none>

TIMING-18#25 Warning
Missing input or output delay  
An input delay is missing on s_axis_filter_tdata[2] relative to the rising and/or falling clock edge(s) of fir_clk.
Related violations: <none>

TIMING-18#26 Warning
Missing input or output delay  
An input delay is missing on s_axis_filter_tdata[30] relative to the rising and/or falling clock edge(s) of fir_clk.
Related violations: <none>

TIMING-18#27 Warning
Missing input or output delay  
An input delay is missing on s_axis_filter_tdata[31] relative to the rising and/or falling clock edge(s) of fir_clk.
Related violations: <none>

TIMING-18#28 Warning
Missing input or output delay  
An input delay is missing on s_axis_filter_tdata[3] relative to the rising and/or falling clock edge(s) of fir_clk.
Related violations: <none>

TIMING-18#29 Warning
Missing input or output delay  
An input delay is missing on s_axis_filter_tdata[4] relative to the rising and/or falling clock edge(s) of fir_clk.
Related violations: <none>

TIMING-18#30 Warning
Missing input or output delay  
An input delay is missing on s_axis_filter_tdata[5] relative to the rising and/or falling clock edge(s) of fir_clk.
Related violations: <none>

TIMING-18#31 Warning
Missing input or output delay  
An input delay is missing on s_axis_filter_tdata[6] relative to the rising and/or falling clock edge(s) of fir_clk.
Related violations: <none>

TIMING-18#32 Warning
Missing input or output delay  
An input delay is missing on s_axis_filter_tdata[7] relative to the rising and/or falling clock edge(s) of fir_clk.
Related violations: <none>

TIMING-18#33 Warning
Missing input or output delay  
An input delay is missing on s_axis_filter_tdata[8] relative to the rising and/or falling clock edge(s) of fir_clk.
Related violations: <none>

TIMING-18#34 Warning
Missing input or output delay  
An input delay is missing on s_axis_filter_tdata[9] relative to the rising and/or falling clock edge(s) of fir_clk.
Related violations: <none>

TIMING-18#35 Warning
Missing input or output delay  
An input delay is missing on s_axis_filter_tlast relative to the rising and/or falling clock edge(s) of fir_clk.
Related violations: <none>

TIMING-18#36 Warning
Missing input or output delay  
An input delay is missing on s_axis_filter_tvalid relative to the rising and/or falling clock edge(s) of fir_clk.
Related violations: <none>

TIMING-18#37 Warning
Missing input or output delay  
An output delay is missing on m_axis_filter_tdata[0] relative to the rising and/or falling clock edge(s) of fir_clk.
Related violations: <none>

TIMING-18#38 Warning
Missing input or output delay  
An output delay is missing on m_axis_filter_tdata[10] relative to the rising and/or falling clock edge(s) of fir_clk.
Related violations: <none>

TIMING-18#39 Warning
Missing input or output delay  
An output delay is missing on m_axis_filter_tdata[11] relative to the rising and/or falling clock edge(s) of fir_clk.
Related violations: <none>

TIMING-18#40 Warning
Missing input or output delay  
An output delay is missing on m_axis_filter_tdata[12] relative to the rising and/or falling clock edge(s) of fir_clk.
Related violations: <none>

TIMING-18#41 Warning
Missing input or output delay  
An output delay is missing on m_axis_filter_tdata[13] relative to the rising and/or falling clock edge(s) of fir_clk.
Related violations: <none>

TIMING-18#42 Warning
Missing input or output delay  
An output delay is missing on m_axis_filter_tdata[14] relative to the rising and/or falling clock edge(s) of fir_clk.
Related violations: <none>

TIMING-18#43 Warning
Missing input or output delay  
An output delay is missing on m_axis_filter_tdata[15] relative to the rising and/or falling clock edge(s) of fir_clk.
Related violations: <none>

TIMING-18#44 Warning
Missing input or output delay  
An output delay is missing on m_axis_filter_tdata[16] relative to the rising and/or falling clock edge(s) of fir_clk.
Related violations: <none>

TIMING-18#45 Warning
Missing input or output delay  
An output delay is missing on m_axis_filter_tdata[17] relative to the rising and/or falling clock edge(s) of fir_clk.
Related violations: <none>

TIMING-18#46 Warning
Missing input or output delay  
An output delay is missing on m_axis_filter_tdata[18] relative to the rising and/or falling clock edge(s) of fir_clk.
Related violations: <none>

TIMING-18#47 Warning
Missing input or output delay  
An output delay is missing on m_axis_filter_tdata[19] relative to the rising and/or falling clock edge(s) of fir_clk.
Related violations: <none>

TIMING-18#48 Warning
Missing input or output delay  
An output delay is missing on m_axis_filter_tdata[1] relative to the rising and/or falling clock edge(s) of fir_clk.
Related violations: <none>

TIMING-18#49 Warning
Missing input or output delay  
An output delay is missing on m_axis_filter_tdata[20] relative to the rising and/or falling clock edge(s) of fir_clk.
Related violations: <none>

TIMING-18#50 Warning
Missing input or output delay  
An output delay is missing on m_axis_filter_tdata[21] relative to the rising and/or falling clock edge(s) of fir_clk.
Related violations: <none>

TIMING-18#51 Warning
Missing input or output delay  
An output delay is missing on m_axis_filter_tdata[22] relative to the rising and/or falling clock edge(s) of fir_clk.
Related violations: <none>

TIMING-18#52 Warning
Missing input or output delay  
An output delay is missing on m_axis_filter_tdata[23] relative to the rising and/or falling clock edge(s) of fir_clk.
Related violations: <none>

TIMING-18#53 Warning
Missing input or output delay  
An output delay is missing on m_axis_filter_tdata[24] relative to the rising and/or falling clock edge(s) of fir_clk.
Related violations: <none>

TIMING-18#54 Warning
Missing input or output delay  
An output delay is missing on m_axis_filter_tdata[25] relative to the rising and/or falling clock edge(s) of fir_clk.
Related violations: <none>

TIMING-18#55 Warning
Missing input or output delay  
An output delay is missing on m_axis_filter_tdata[26] relative to the rising and/or falling clock edge(s) of fir_clk.
Related violations: <none>

TIMING-18#56 Warning
Missing input or output delay  
An output delay is missing on m_axis_filter_tdata[27] relative to the rising and/or falling clock edge(s) of fir_clk.
Related violations: <none>

TIMING-18#57 Warning
Missing input or output delay  
An output delay is missing on m_axis_filter_tdata[28] relative to the rising and/or falling clock edge(s) of fir_clk.
Related violations: <none>

TIMING-18#58 Warning
Missing input or output delay  
An output delay is missing on m_axis_filter_tdata[29] relative to the rising and/or falling clock edge(s) of fir_clk.
Related violations: <none>

TIMING-18#59 Warning
Missing input or output delay  
An output delay is missing on m_axis_filter_tdata[2] relative to the rising and/or falling clock edge(s) of fir_clk.
Related violations: <none>

TIMING-18#60 Warning
Missing input or output delay  
An output delay is missing on m_axis_filter_tdata[30] relative to the rising and/or falling clock edge(s) of fir_clk.
Related violations: <none>

TIMING-18#61 Warning
Missing input or output delay  
An output delay is missing on m_axis_filter_tdata[31] relative to the rising and/or falling clock edge(s) of fir_clk.
Related violations: <none>

TIMING-18#62 Warning
Missing input or output delay  
An output delay is missing on m_axis_filter_tdata[3] relative to the rising and/or falling clock edge(s) of fir_clk.
Related violations: <none>

TIMING-18#63 Warning
Missing input or output delay  
An output delay is missing on m_axis_filter_tdata[4] relative to the rising and/or falling clock edge(s) of fir_clk.
Related violations: <none>

TIMING-18#64 Warning
Missing input or output delay  
An output delay is missing on m_axis_filter_tdata[5] relative to the rising and/or falling clock edge(s) of fir_clk.
Related violations: <none>

TIMING-18#65 Warning
Missing input or output delay  
An output delay is missing on m_axis_filter_tdata[6] relative to the rising and/or falling clock edge(s) of fir_clk.
Related violations: <none>

TIMING-18#66 Warning
Missing input or output delay  
An output delay is missing on m_axis_filter_tdata[7] relative to the rising and/or falling clock edge(s) of fir_clk.
Related violations: <none>

TIMING-18#67 Warning
Missing input or output delay  
An output delay is missing on m_axis_filter_tdata[8] relative to the rising and/or falling clock edge(s) of fir_clk.
Related violations: <none>

TIMING-18#68 Warning
Missing input or output delay  
An output delay is missing on m_axis_filter_tdata[9] relative to the rising and/or falling clock edge(s) of fir_clk.
Related violations: <none>

TIMING-18#69 Warning
Missing input or output delay  
An output delay is missing on m_axis_filter_tlast relative to the rising and/or falling clock edge(s) of fir_clk.
Related violations: <none>

TIMING-18#70 Warning
Missing input or output delay  
An output delay is missing on m_axis_filter_tvalid relative to the rising and/or falling clock edge(s) of fir_clk.
Related violations: <none>


