Copyright 1986-2022 Xilinx, Inc. All Rights Reserved. Copyright 2022-2023 Advanced Micro Devices, Inc. All Rights Reserved.
--------------------------------------------------------------------------------------------------------------------------------------------------
| Tool Version      : Vivado v.2023.2 (win64) Build 4029153 Fri Oct 13 20:14:34 MDT 2023
| Date              : Wed Oct  2 11:28:25 2024
| Host              : THANUSH-LAPTOP running 64-bit major release  (build 9200)
| Command           : report_timing_summary -file ../reports/syn_timing.rpt
| Design            : fir_filter_axis
| Device            : xczu7ev-ffvc1156
| Speed File        : -2  PRODUCTION 1.30 05-15-2022
| Design State      : Synthesized
| Temperature Grade : E
--------------------------------------------------------------------------------------------------------------------------------------------------

Timing Summary Report

------------------------------------------------------------------------------------------------
| Timer Settings
| --------------
------------------------------------------------------------------------------------------------

  Enable Multi Corner Analysis               :  Yes
  Enable Pessimism Removal                   :  Yes
  Pessimism Removal Resolution               :  Nearest Common Node
  Enable Input Delay Default Clock           :  No
  Enable Preset / Clear Arcs                 :  No
  Disable Flight Delays                      :  No
  Ignore I/O Paths                           :  No
  Timing Early Launch at Borrowing Latches   :  No
  Borrow Time for Max Delay Exceptions       :  Yes
  Merge Timing Exceptions                    :  Yes
  Inter-SLR Compensation                     :  Conservative

  Corner  Analyze    Analyze    
  Name    Max Paths  Min Paths  
  ------  ---------  ---------  
  Slow    Yes        Yes        
  Fast    Yes        Yes        


------------------------------------------------------------------------------------------------
| Report Methodology
| ------------------
------------------------------------------------------------------------------------------------

No report available as report_methodology has not been run prior. Run report_methodology on the current design for the summary of methodology violations.



check_timing report

Table of Contents
-----------------
1. checking no_clock (0)
2. checking constant_clock (0)
3. checking pulse_width_clock (0)
4. checking unconstrained_internal_endpoints (0)
5. checking no_input_delay (20)
6. checking no_output_delay (34)
7. checking multiple_clock (0)
8. checking generated_clocks (0)
9. checking loops (0)
10. checking partial_input_delay (0)
11. checking partial_output_delay (0)
12. checking latch_loops (0)

1. checking no_clock (0)
------------------------
 There are 0 register/latch pins with no clock.


2. checking constant_clock (0)
------------------------------
 There are 0 register/latch pins with constant_clock.


3. checking pulse_width_clock (0)
---------------------------------
 There are 0 register/latch pins which need pulse_width check


4. checking unconstrained_internal_endpoints (0)
------------------------------------------------
 There are 0 pins that are not constrained for maximum delay.

 There are 0 pins that are not constrained for maximum delay due to constant clock.


5. checking no_input_delay (20)
-------------------------------
 There are 20 input ports with no input delay specified. (HIGH)

 There are 0 input ports with no input delay but user has a false path constraint.


6. checking no_output_delay (34)
--------------------------------
 There are 34 ports with no output delay specified. (HIGH)

 There are 0 ports with no output delay but user has a false path constraint

 There are 0 ports with no output delay but with a timing clock defined on it or propagating through it


7. checking multiple_clock (0)
------------------------------
 There are 0 register/latch pins with multiple clocks.


8. checking generated_clocks (0)
--------------------------------
 There are 0 generated clocks that are not connected to a clock source.


9. checking loops (0)
---------------------
 There are 0 combinational loops in the design.


10. checking partial_input_delay (0)
------------------------------------
 There are 0 input ports with partial input delay specified.


11. checking partial_output_delay (0)
-------------------------------------
 There are 0 ports with partial output delay specified.


12. checking latch_loops (0)
----------------------------
 There are 0 combinational latch loops in the design through latch input



------------------------------------------------------------------------------------------------
| Design Timing Summary
| ---------------------
------------------------------------------------------------------------------------------------

    WNS(ns)      TNS(ns)  TNS Failing Endpoints  TNS Total Endpoints      WHS(ns)      THS(ns)  THS Failing Endpoints  THS Total Endpoints     WPWS(ns)     TPWS(ns)  TPWS Failing Endpoints  TPWS Total Endpoints  
    -------      -------  ---------------------  -------------------      -------      -------  ---------------------  -------------------     --------     --------  ----------------------  --------------------  
      4.736        0.000                      0                 4023       -0.066      -47.277                    845                 4023        3.375        0.000                       0                  1636  


Timing constraints are not met.


------------------------------------------------------------------------------------------------
| Clock Summary
| -------------
------------------------------------------------------------------------------------------------

Clock    Waveform(ns)         Period(ns)      Frequency(MHz)
-----    ------------         ----------      --------------
fir_clk  {0.000 3.907}        7.813           127.992         


------------------------------------------------------------------------------------------------
| Intra Clock Table
| -----------------
------------------------------------------------------------------------------------------------

Clock             WNS(ns)      TNS(ns)  TNS Failing Endpoints  TNS Total Endpoints      WHS(ns)      THS(ns)  THS Failing Endpoints  THS Total Endpoints     WPWS(ns)     TPWS(ns)  TPWS Failing Endpoints  TPWS Total Endpoints  
-----             -------      -------  ---------------------  -------------------      -------      -------  ---------------------  -------------------     --------     --------  ----------------------  --------------------  
fir_clk             4.736        0.000                      0                 4023       -0.066      -47.277                    845                 4023        3.375        0.000                       0                  1636  


------------------------------------------------------------------------------------------------
| Inter Clock Table
| -----------------
------------------------------------------------------------------------------------------------

From Clock    To Clock          WNS(ns)      TNS(ns)  TNS Failing Endpoints  TNS Total Endpoints      WHS(ns)      THS(ns)  THS Failing Endpoints  THS Total Endpoints  
----------    --------          -------      -------  ---------------------  -------------------      -------      -------  ---------------------  -------------------  


------------------------------------------------------------------------------------------------
| Other Path Groups Table
| -----------------------
------------------------------------------------------------------------------------------------

Path Group    From Clock    To Clock          WNS(ns)      TNS(ns)  TNS Failing Endpoints  TNS Total Endpoints      WHS(ns)      THS(ns)  THS Failing Endpoints  THS Total Endpoints  
----------    ----------    --------          -------      -------  ---------------------  -------------------      -------      -------  ---------------------  -------------------  


------------------------------------------------------------------------------------------------
| Timing Details
| --------------
------------------------------------------------------------------------------------------------


---------------------------------------------------------------------------------------------------
From Clock:  fir_clk
  To Clock:  fir_clk

Setup :            0  Failing Endpoints,  Worst Slack        4.736ns,  Total Violation        0.000ns
Hold  :          845  Failing Endpoints,  Worst Slack       -0.066ns,  Total Violation      -47.277ns
PW    :            0  Failing Endpoints,  Worst Slack        3.375ns,  Total Violation        0.000ns
---------------------------------------------------------------------------------------------------


Max Delay Paths
--------------------------------------------------------------------------------------
Slack (MET) :             4.736ns  (required time - arrival time)
  Source:                 FIR_FILTER/arg__0/DSP_A_B_DATA_INST/CLK
                            (rising edge-triggered cell DSP_A_B_DATA clocked by fir_clk  {rise@0.000ns fall@3.907ns period=7.813ns})
  Destination:            FIR_FILTER/odd_tap_pipe_process.mul_pipe_reg[24][-5]/D
                            (rising edge-triggered cell FDRE clocked by fir_clk  {rise@0.000ns fall@3.907ns period=7.813ns})
  Path Group:             fir_clk
  Path Type:              Setup (Max at Slow Process Corner)
  Requirement:            7.813ns  (fir_clk rise@7.813ns - fir_clk rise@0.000ns)
  Data Path Delay:        2.922ns  (logic 1.982ns (67.830%)  route 0.940ns (32.170%))
  Logic Levels:           10  (DSP_ALU=1 DSP_M_DATA=1 DSP_MULTIPLIER=1 DSP_OUTPUT=1 DSP_PREADD_DATA=1 LUT3=1 LUT4=1 LUT6=3)
  Clock Path Skew:        -0.145ns (DCD - SCD + CPR)
    Destination Clock Delay (DCD):    2.927ns = ( 10.740 - 7.813 ) 
    Source Clock Delay      (SCD):    3.355ns
    Clock Pessimism Removal (CPR):    0.283ns
  Clock Uncertainty:      0.035ns  ((TSJ^2 + TIJ^2)^1/2 + DJ) / 2 + PE
    Total System Jitter     (TSJ):    0.071ns
    Total Input Jitter      (TIJ):    0.000ns
    Discrete Jitter          (DJ):    0.000ns
    Phase Error              (PE):    0.000ns

    Location             Delay type                Incr(ns)  Path(ns)    Netlist Resource(s)
  -------------------------------------------------------------------    -------------------
                         (clock fir_clk rise edge)    0.000     0.000 r  
                                                      0.000     0.000 r  clk (IN)
                         net (fo=0)                   0.000     0.000    clk_IBUF_inst/I
                         INBUF (Prop_INBUF_PAD_O)     0.582     0.582 r  clk_IBUF_inst/INBUF_INST/O
                         net (fo=1, unplaced)         0.000     0.582    clk_IBUF_inst/OUT
                         IBUFCTRL (Prop_IBUFCTRL_I_O)
                                                      0.000     0.582 r  clk_IBUF_inst/IBUFCTRL_INST/O
                         net (fo=1, unplaced)         0.161     0.743    clk_IBUF
                         BUFGCE (Prop_BUFGCE_I_O)     0.028     0.771 r  clk_IBUF_BUFG_inst/O
                         net (fo=1784, unplaced)      2.584     3.355    FIR_FILTER/arg__0/CLK
                         DSP_A_B_DATA                                 r  FIR_FILTER/arg__0/DSP_A_B_DATA_INST/CLK
  -------------------------------------------------------------------    -------------------
                         DSP_A_B_DATA (Prop_DSP_A_B_DATA_CLK_A2_DATA[20])
                                                      0.234     3.589 r  FIR_FILTER/arg__0/DSP_A_B_DATA_INST/A2_DATA[20]
                         net (fo=1, unplaced)         0.000     3.589    FIR_FILTER/arg__0/DSP_A_B_DATA.A2_DATA<20>
                         DSP_PREADD_DATA (Prop_DSP_PREADD_DATA_A2_DATA[20]_A2A1[20])
                                                      0.076     3.665 r  FIR_FILTER/arg__0/DSP_PREADD_DATA_INST/A2A1[20]
                         net (fo=1, unplaced)         0.000     3.665    FIR_FILTER/arg__0/DSP_PREADD_DATA.A2A1<20>
                         DSP_MULTIPLIER (Prop_DSP_MULTIPLIER_A2A1[20]_U[21])
                                                      0.505     4.170 f  FIR_FILTER/arg__0/DSP_MULTIPLIER_INST/U[21]
                         net (fo=1, unplaced)         0.000     4.170    FIR_FILTER/arg__0/DSP_MULTIPLIER.U<21>
                         DSP_M_DATA (Prop_DSP_M_DATA_U[21]_U_DATA[21])
                                                      0.047     4.217 r  FIR_FILTER/arg__0/DSP_M_DATA_INST/U_DATA[21]
                         net (fo=1, unplaced)         0.000     4.217    FIR_FILTER/arg__0/DSP_M_DATA.U_DATA<21>
                         DSP_ALU (Prop_DSP_ALU_U_DATA[21]_ALU_OUT[21])
                                                      0.585     4.802 f  FIR_FILTER/arg__0/DSP_ALU_INST/ALU_OUT[21]
                         net (fo=1, unplaced)         0.000     4.802    FIR_FILTER/arg__0/DSP_ALU.ALU_OUT<21>
                         DSP_OUTPUT (Prop_DSP_OUTPUT_ALU_OUT[21]_P[21])
                                                      0.109     4.911 r  FIR_FILTER/arg__0/DSP_OUTPUT_INST/P[21]
                         net (fo=4, unplaced)         0.191     5.102    FIR_FILTER/arg__0_n_84
                         LUT6 (Prop_LUT6_I0_O)        0.150     5.252 f  FIR_FILTER/odd_tap_pipe_process.mul_pipe[24][-3]_i_3/O
                         net (fo=4, unplaced)         0.198     5.450    FIR_FILTER/odd_tap_pipe_process.mul_pipe[24][-3]_i_3_n_0
                         LUT6 (Prop_LUT6_I2_O)        0.038     5.488 f  FIR_FILTER/odd_tap_pipe_process.mul_pipe[24][-15]_i_3/O
                         net (fo=1, unplaced)         0.186     5.674    FIR_FILTER/odd_tap_pipe_process.mul_pipe[24][-15]_i_3_n_0
                         LUT6 (Prop_LUT6_I5_O)        0.038     5.712 f  FIR_FILTER/odd_tap_pipe_process.mul_pipe[24][-15]_i_2/O
                         net (fo=3, unplaced)         0.143     5.855    FIR_FILTER/odd_tap_pipe_process.mul_pipe[24][-15]_i_2_n_0
                         LUT3 (Prop_LUT3_I0_O)        0.100     5.955 r  FIR_FILTER/odd_tap_pipe_process.mul_pipe[24][-2]_i_2/O
                         net (fo=12, unplaced)        0.174     6.129    FIR_FILTER/odd_tap_pipe_process.mul_pipe[24][-2]_i_2_n_0
                         LUT4 (Prop_LUT4_I0_O)        0.100     6.229 r  FIR_FILTER/odd_tap_pipe_process.mul_pipe[24][-5]_i_1/O
                         net (fo=1, unplaced)         0.048     6.277    FIR_FILTER/odd_tap_pipe_process.mul_pipe[24][-5]_i_1_n_0
                         FDRE                                         r  FIR_FILTER/odd_tap_pipe_process.mul_pipe_reg[24][-5]/D
  -------------------------------------------------------------------    -------------------

                         (clock fir_clk rise edge)    7.813     7.813 r  
                                                      0.000     7.813 r  clk (IN)
                         net (fo=0)                   0.000     7.813    clk_IBUF_inst/I
                         INBUF (Prop_INBUF_PAD_O)     0.331     8.144 r  clk_IBUF_inst/INBUF_INST/O
                         net (fo=1, unplaced)         0.000     8.144    clk_IBUF_inst/OUT
                         IBUFCTRL (Prop_IBUFCTRL_I_O)
                                                      0.000     8.144 r  clk_IBUF_inst/IBUFCTRL_INST/O
                         net (fo=1, unplaced)         0.133     8.277    clk_IBUF
                         BUFGCE (Prop_BUFGCE_I_O)     0.024     8.301 r  clk_IBUF_BUFG_inst/O
                         net (fo=1784, unplaced)      2.439    10.740    FIR_FILTER/clk_IBUF_BUFG
                         FDRE                                         r  FIR_FILTER/odd_tap_pipe_process.mul_pipe_reg[24][-5]/C
                         clock pessimism              0.283    11.023    
                         clock uncertainty           -0.035    10.988    
                         FDRE (Setup_FDRE_C_D)        0.025    11.013    FIR_FILTER/odd_tap_pipe_process.mul_pipe_reg[24][-5]
  -------------------------------------------------------------------
                         required time                         11.013    
                         arrival time                          -6.277    
  -------------------------------------------------------------------
                         slack                                  4.736    





Min Delay Paths
--------------------------------------------------------------------------------------
Slack (VIOLATED) :        -0.066ns  (arrival time - required time)
  Source:                 count_valid_reg[0]/C
                            (rising edge-triggered cell FDRE clocked by fir_clk  {rise@0.000ns fall@3.907ns period=7.813ns})
  Destination:            count_valid_reg[0]/D
                            (rising edge-triggered cell FDRE clocked by fir_clk  {rise@0.000ns fall@3.907ns period=7.813ns})
  Path Group:             fir_clk
  Path Type:              Hold (Min at Fast Process Corner)
  Requirement:            0.000ns  (fir_clk rise@0.000ns - fir_clk rise@0.000ns)
  Data Path Delay:        0.125ns  (logic 0.061ns (48.800%)  route 0.064ns (51.200%))
  Logic Levels:           1  (LUT2=1)
  Clock Path Skew:        0.145ns (DCD - SCD - CPR)
    Destination Clock Delay (DCD):    1.763ns
    Source Clock Delay      (SCD):    1.413ns
    Clock Pessimism Removal (CPR):    0.205ns

    Location             Delay type                Incr(ns)  Path(ns)    Netlist Resource(s)
  -------------------------------------------------------------------    -------------------
                         (clock fir_clk rise edge)    0.000     0.000 r  
                                                      0.000     0.000 r  clk (IN)
                         net (fo=0)                   0.000     0.000    clk_IBUF_inst/I
                         INBUF (Prop_INBUF_PAD_O)     0.216     0.216 r  clk_IBUF_inst/INBUF_INST/O
                         net (fo=1, unplaced)         0.000     0.216    clk_IBUF_inst/OUT
                         IBUFCTRL (Prop_IBUFCTRL_I_O)
                                                      0.000     0.216 r  clk_IBUF_inst/IBUFCTRL_INST/O
                         net (fo=1, unplaced)         0.066     0.282    clk_IBUF
                         BUFGCE (Prop_BUFGCE_I_O)     0.017     0.299 r  clk_IBUF_BUFG_inst/O
                         net (fo=1784, unplaced)      1.114     1.413    clk_IBUF_BUFG
                         FDRE                                         r  count_valid_reg[0]/C
  -------------------------------------------------------------------    -------------------
                         FDRE (Prop_FDRE_C_Q)         0.038     1.451 f  count_valid_reg[0]/Q
                         net (fo=2, unplaced)         0.048     1.499    FIR_FILTER/count_valid
                         LUT2 (Prop_LUT2_I0_O)        0.023     1.522 r  FIR_FILTER/count_valid[0]_i_1/O
                         net (fo=1, unplaced)         0.016     1.538    FIR_FILTER_n_1
                         FDRE                                         r  count_valid_reg[0]/D
  -------------------------------------------------------------------    -------------------

                         (clock fir_clk rise edge)    0.000     0.000 r  
                                                      0.000     0.000 r  clk (IN)
                         net (fo=0)                   0.000     0.000    clk_IBUF_inst/I
                         INBUF (Prop_INBUF_PAD_O)     0.402     0.402 r  clk_IBUF_inst/INBUF_INST/O
                         net (fo=1, unplaced)         0.000     0.402    clk_IBUF_inst/OUT
                         IBUFCTRL (Prop_IBUFCTRL_I_O)
                                                      0.000     0.402 r  clk_IBUF_inst/IBUFCTRL_INST/O
                         net (fo=1, unplaced)         0.083     0.485    clk_IBUF
                         BUFGCE (Prop_BUFGCE_I_O)     0.019     0.504 r  clk_IBUF_BUFG_inst/O
                         net (fo=1784, unplaced)      1.259     1.763    clk_IBUF_BUFG
                         FDRE                                         r  count_valid_reg[0]/C
                         clock pessimism             -0.205     1.558    
                         FDRE (Hold_FDRE_C_D)         0.046     1.604    count_valid_reg[0]
  -------------------------------------------------------------------
                         required time                         -1.604    
                         arrival time                           1.538    
  -------------------------------------------------------------------
                         slack                                 -0.066    





Pulse Width Checks
--------------------------------------------------------------------------------------
Clock Name:         fir_clk
Waveform(ns):       { 0.000 3.907 }
Period(ns):         7.813
Sources:            { clk }

Check Type        Corner  Lib Pin      Reference Pin  Required(ns)  Actual(ns)  Slack(ns)  Location  Pin
Min Period        n/a     BUFGCE/I     n/a            1.290         7.813       6.523                clk_IBUF_BUFG_inst/I
Low Pulse Width   Slow    SRLC32E/CLK  n/a            0.532         3.907       3.375                axis_last_shift_reg[26]_srl27___FIR_FILTER_valid_shift_reg_r_25/CLK
High Pulse Width  Slow    SRLC32E/CLK  n/a            0.532         3.907       3.375                axis_last_shift_reg[26]_srl27___FIR_FILTER_valid_shift_reg_r_25/CLK



